# JRE version: Java(TM) SE Runtime Environment (8.0_192-b12) (build 1.8.0_192-b12)
# Java VM: Java HotSpot(TM) 64-Bit Server VM (25.192-b12 mixed mode windows-amd64 compressed oops)
Heap:
 PSYoungGen      total 249856K, used 213725K [0x00000000eab00000, 0x0000000100000000, 0x0000000100000000)
  eden space 152064K, 76% used [0x00000000eab00000,0x00000000f1c3eba8,0x00000000f3f80000)
  from space 97792K, 99% used [0x00000000f4100000,0x00000000fa078ac8,0x00000000fa080000)
  to   space 97792K, 0% used [0x00000000fa080000,0x00000000fa080000,0x0000000100000000)
 ParOldGen       total 699392K, used 319477K [0x00000000c0000000, 0x00000000eab00000, 0x00000000eab00000)
  object space 699392K, 45% used [0x00000000c0000000,0x00000000d37fd6d0,0x00000000eab00000)
 Metaspace       used 80705K, capacity 81558K, committed 81880K, reserved 1120256K
  class space    used 11743K, capacity 11937K, committed 12032K, reserved 1048576K
GC Heap History (10 events):
Event: 212.439 GC heap before
{Heap before GC invocations=17 (full 3):
 PSYoungGen      total 326656K, used 326648K [0x00000000eab00000, 0x0000000100000000, 0x0000000100000000)
  eden space 311296K, 100% used [0x00000000eab00000,0x00000000fdb00000,0x00000000fdb00000)
  from space 15360K, 99% used [0x00000000fe180000,0x00000000ff07e370,0x00000000ff080000)
  to   space 15872K, 0% used [0x00000000ff080000,0x00000000ff080000,0x0000000100000000)
 ParOldGen       total 433664K, used 241695K [0x00000000c0000000, 0x00000000da780000, 0x00000000eab00000)
  object space 433664K, 55% used [0x00000000c0000000,0x00000000cec07ee8,0x00000000da780000)
 Metaspace       used 80226K, capacity 81116K, committed 81240K, reserved 1118208K
  class space    used 11699K, capacity 11901K, committed 11904K, reserved 1048576K
Event: 212.496 GC heap after
Heap after GC invocations=17 (full 3):
 PSYoungGen      total 326656K, used 326648K [0x00000000eab00000, 0x0000000100000000, 0x0000000100000000)
  eden space 311296K, 100% used [0x00000000eab00000,0x00000000fdb00000,0x00000000fdb00000)
  from space 15360K, 99% used [0x00000000fe180000,0x00000000ff07e370,0x00000000ff080000)
  to   space 15872K, 99% used [0x00000000ff080000,0x00000000fffff430,0x0000000100000000)
 ParOldGen       total 699392K, used 678722K [0x00000000c0000000, 0x00000000eab00000, 0x00000000eab00000)
  object space 699392K, 97% used [0x00000000c0000000,0x00000000e96d0b98,0x00000000eab00000)
 Metaspace       used 80226K, capacity 81116K, committed 81240K, reserved 1118208K
  class space    used 11699K, capacity 11901K, committed 11904K, reserved 1048576K
}
Event: 212.496 GC heap before
{Heap before GC invocations=18 (full 4):
 PSYoungGen      total 326656K, used 326648K [0x00000000eab00000, 0x0000000100000000, 0x0000000100000000)
  eden space 311296K, 100% used [0x00000000eab00000,0x00000000fdb00000,0x00000000fdb00000)
  from space 15360K, 99% used [0x00000000fe180000,0x00000000ff07e370,0x00000000ff080000)
  to   space 15872K, 99% used [0x00000000ff080000,0x00000000fffff430,0x0000000100000000)
 ParOldGen       total 699392K, used 678722K [0x00000000c0000000, 0x00000000eab00000, 0x00000000eab00000)
  object space 699392K, 97% used [0x00000000c0000000,0x00000000e96d0b98,0x00000000eab00000)
 Metaspace       used 80226K, capacity 81116K, committed 81240K, reserved 1118208K
  class space    used 11699K, capacity 11901K, committed 11904K, reserved 1048576K
Event: 212.554 GC heap after
Heap after GC invocations=18 (full 4):
 PSYoungGen      total 326656K, used 0K [0x00000000eab00000, 0x0000000100000000, 0x0000000100000000)
  eden space 311296K, 0% used [0x00000000eab00000,0x00000000eab00000,0x00000000fdb00000)
  from space 15360K, 0% used [0x00000000fe180000,0x00000000fe180000,0x00000000ff080000)
  to   space 15872K, 0% used [0x00000000ff080000,0x00000000ff080000,0x0000000100000000)
 ParOldGen       total 699392K, used 150267K [0x00000000c0000000, 0x00000000eab00000, 0x00000000eab00000)
  object space 699392K, 21% used [0x00000000c0000000,0x00000000c92bee00,0x00000000eab00000)
 Metaspace       used 80222K, capacity 81110K, committed 81240K, reserved 1118208K
  class space    used 11698K, capacity 11900K, committed 11904K, reserved 1048576K
}
Event: 493.150 GC heap before
{Heap before GC invocations=19 (full 4):
 PSYoungGen      total 326656K, used 308071K [0x00000000eab00000, 0x0000000100000000, 0x0000000100000000)
  eden space 311296K, 98% used [0x00000000eab00000,0x00000000fd7d9cd0,0x00000000fdb00000)
  from space 15360K, 0% used [0x00000000fe180000,0x00000000fe180000,0x00000000ff080000)
  to   space 15872K, 0% used [0x00000000ff080000,0x00000000ff080000,0x0000000100000000)
 ParOldGen       total 699392K, used 150267K [0x00000000c0000000, 0x00000000eab00000, 0x00000000eab00000)
  object space 699392K, 21% used [0x00000000c0000000,0x00000000c92bee00,0x00000000eab00000)
 Metaspace       used 80350K, capacity 81250K, committed 81496K, reserved 1118208K
  class space    used 11700K, capacity 11902K, committed 11904K, reserved 1048576K
Event: 493.177 GC heap after
Heap after GC invocations=19 (full 4):
 PSYoungGen      total 169472K, used 3418K [0x00000000eab00000, 0x0000000100000000, 0x0000000100000000)
  eden space 153600K, 0% used [0x00000000eab00000,0x00000000eab00000,0x00000000f4100000)
  from space 15872K, 21% used [0x00000000ff080000,0x00000000ff3d6a90,0x0000000100000000)
  to   space 97792K, 0% used [0x00000000f4100000,0x00000000f4100000,0x00000000fa080000)
 ParOldGen       total 699392K, used 617767K [0x00000000c0000000, 0x00000000eab00000, 0x00000000eab00000)
  object space 699392K, 88% used [0x00000000c0000000,0x00000000e5b49c78,0x00000000eab00000)
 Metaspace       used 80350K, capacity 81250K, committed 81496K, reserved 1118208K
  class space    used 11700K, capacity 11902K, committed 11904K, reserved 1048576K
}
Event: 493.177 GC heap before
{Heap before GC invocations=20 (full 5):
 PSYoungGen      total 169472K, used 3418K [0x00000000eab00000, 0x0000000100000000, 0x0000000100000000)
  eden space 153600K, 0% used [0x00000000eab00000,0x00000000eab00000,0x00000000f4100000)
  from space 15872K, 21% used [0x00000000ff080000,0x00000000ff3d6a90,0x0000000100000000)
  to   space 97792K, 0% used [0x00000000f4100000,0x00000000f4100000,0x00000000fa080000)
 ParOldGen       total 699392K, used 617767K [0x00000000c0000000, 0x00000000eab00000, 0x00000000eab00000)
  object space 699392K, 88% used [0x00000000c0000000,0x00000000e5b49c78,0x00000000eab00000)
 Metaspace       used 80350K, capacity 81250K, committed 81496K, reserved 1118208K
  class space    used 11700K, capacity 11902K, committed 11904K, reserved 1048576K
Event: 493.219 GC heap after
Heap after GC invocations=20 (full 5):
 PSYoungGen      total 169472K, used 0K [0x00000000eab00000, 0x0000000100000000, 0x0000000100000000)
  eden space 153600K, 0% used [0x00000000eab00000,0x00000000eab00000,0x00000000f4100000)
  from space 15872K, 0% used [0x00000000ff080000,0x00000000ff080000,0x0000000100000000)
  to   space 97792K, 0% used [0x00000000f4100000,0x00000000f4100000,0x00000000fa080000)
 ParOldGen       total 699392K, used 106318K [0x00000000c0000000, 0x00000000eab00000, 0x00000000eab00000)
  object space 699392K, 15% used [0x00000000c0000000,0x00000000c67d3a28,0x00000000eab00000)
 Metaspace       used 80350K, capacity 81250K, committed 81496K, reserved 1118208K
  class space    used 11700K, capacity 11902K, committed 11904K, reserved 1048576K
}
Event: 553.080 GC heap before
{Heap before GC invocations=21 (full 5):
 PSYoungGen      total 169472K, used 144301K [0x00000000eab00000, 0x0000000100000000, 0x0000000100000000)
  eden space 153600K, 93% used [0x00000000eab00000,0x00000000f37eb458,0x00000000f4100000)
  from space 15872K, 0% used [0x00000000ff080000,0x00000000ff080000,0x0000000100000000)
  to   space 97792K, 0% used [0x00000000f4100000,0x00000000f4100000,0x00000000fa080000)
 ParOldGen       total 699392K, used 106318K [0x00000000c0000000, 0x00000000eab00000, 0x00000000eab00000)
  object space 699392K, 15% used [0x00000000c0000000,0x00000000c67d3a28,0x00000000eab00000)
 Metaspace       used 80682K, capacity 81558K, committed 81880K, reserved 1120256K
  class space    used 11743K, capacity 11937K, committed 12032K, reserved 1048576K
Event: 553.099 GC heap after
Heap after GC invocations=21 (full 5):
 PSYoungGen      total 249856K, used 97762K [0x00000000eab00000, 0x0000000100000000, 0x0000000100000000)
  eden space 152064K, 0% used [0x00000000eab00000,0x00000000eab00000,0x00000000f3f80000)
  from space 97792K, 99% used [0x00000000f4100000,0x00000000fa078ac8,0x00000000fa080000)
  to   space 97792K, 0% used [0x00000000fa080000,0x00000000fa080000,0x0000000100000000)
 ParOldGen       total 699392K, used 319477K [0x00000000c0000000, 0x00000000eab00000, 0x00000000eab00000)
  object space 699392K, 45% used [0x00000000c0000000,0x00000000d37fd6d0,0x00000000eab00000)
 Metaspace       used 80682K, capacity 81558K, committed 81880K, reserved 1120256K
  class space    used 11743K, capacity 11937K, committed 12032K, reserved 1048576K
}

