# JRE version: Java(TM) SE Runtime Environment (8.0_192-b12) (build 1.8.0_192-b12)
# Java VM: Java HotSpot(TM) 64-Bit Server VM (25.192-b12 mixed mode windows-amd64 compressed oops)
Heap:
 PSYoungGen      total 178688K, used 116863K [0x00000000eab00000, 0x00000000f6880000, 0x0000000100000000)
  eden space 173568K, 64% used [0x00000000eab00000,0x00000000f184d590,0x00000000f5480000)
  from space 5120K, 96% used [0x00000000f5680000,0x00000000f5b52698,0x00000000f5b80000)
  to   space 10240K, 0% used [0x00000000f5e80000,0x00000000f5e80000,0x00000000f6880000)
 ParOldGen       total 699392K, used 340847K [0x00000000c0000000, 0x00000000eab00000, 0x00000000eab00000)
  object space 699392K, 48% used [0x00000000c0000000,0x00000000d4cdbd50,0x00000000eab00000)
 Metaspace       used 85456K, capacity 86410K, committed 87060K, reserved 1124352K
  class space    used 12053K, capacity 12253K, committed 12348K, reserved 1048576K
GC Heap History (10 events):
Event: 7946.278 GC heap before
{Heap before GC invocations=78 (full 8):
 PSYoungGen      total 186368K, used 185972K [0x00000000eab00000, 0x00000000f7080000, 0x0000000100000000)
  eden space 179712K, 100% used [0x00000000eab00000,0x00000000f5a80000,0x00000000f5a80000)
  from space 6656K, 94% used [0x00000000f5c80000,0x00000000f629d260,0x00000000f6300000)
  to   space 11264K, 0% used [0x00000000f6580000,0x00000000f6580000,0x00000000f7080000)
 ParOldGen       total 699392K, used 32220K [0x00000000c0000000, 0x00000000eab00000, 0x00000000eab00000)
  object space 699392K, 4% used [0x00000000c0000000,0x00000000c1f77238,0x00000000eab00000)
 Metaspace       used 85521K, capacity 86560K, committed 86804K, reserved 1124352K
  class space    used 12064K, capacity 12292K, committed 12348K, reserved 1048576K
Event: 7946.281 GC heap after
Heap after GC invocations=78 (full 8):
 PSYoungGen      total 186880K, used 6506K [0x00000000eab00000, 0x00000000f6e80000, 0x0000000100000000)
  eden space 177664K, 0% used [0x00000000eab00000,0x00000000eab00000,0x00000000f5880000)
  from space 9216K, 70% used [0x00000000f6580000,0x00000000f6bda9c8,0x00000000f6e80000)
  to   space 11264K, 0% used [0x00000000f5880000,0x00000000f5880000,0x00000000f6380000)
 ParOldGen       total 699392K, used 32228K [0x00000000c0000000, 0x00000000eab00000, 0x00000000eab00000)
  object space 699392K, 4% used [0x00000000c0000000,0x00000000c1f79238,0x00000000eab00000)
 Metaspace       used 85521K, capacity 86560K, committed 86804K, reserved 1124352K
  class space    used 12064K, capacity 12292K, committed 12348K, reserved 1048576K
}
Event: 7985.870 GC heap before
{Heap before GC invocations=79 (full 8):
 PSYoungGen      total 186880K, used 184170K [0x00000000eab00000, 0x00000000f6e80000, 0x0000000100000000)
  eden space 177664K, 100% used [0x00000000eab00000,0x00000000f5880000,0x00000000f5880000)
  from space 9216K, 70% used [0x00000000f6580000,0x00000000f6bda9c8,0x00000000f6e80000)
  to   space 11264K, 0% used [0x00000000f5880000,0x00000000f5880000,0x00000000f6380000)
 ParOldGen       total 699392K, used 32228K [0x00000000c0000000, 0x00000000eab00000, 0x00000000eab00000)
  object space 699392K, 4% used [0x00000000c0000000,0x00000000c1f79238,0x00000000eab00000)
 Metaspace       used 85523K, capacity 86560K, committed 86804K, reserved 1124352K
  class space    used 12064K, capacity 12292K, committed 12348K, reserved 1048576K
Event: 7985.873 GC heap after
Heap after GC invocations=79 (full 8):
 PSYoungGen      total 181760K, used 5908K [0x00000000eab00000, 0x00000000f6b80000, 0x0000000100000000)
  eden space 175616K, 0% used [0x00000000eab00000,0x00000000eab00000,0x00000000f5680000)
  from space 6144K, 96% used [0x00000000f5880000,0x00000000f5e45258,0x00000000f5e80000)
  to   space 10752K, 0% used [0x00000000f6100000,0x00000000f6100000,0x00000000f6b80000)
 ParOldGen       total 699392K, used 32228K [0x00000000c0000000, 0x00000000eab00000, 0x00000000eab00000)
  object space 699392K, 4% used [0x00000000c0000000,0x00000000c1f79238,0x00000000eab00000)
 Metaspace       used 85523K, capacity 86560K, committed 86804K, reserved 1124352K
  class space    used 12064K, capacity 12292K, committed 12348K, reserved 1048576K
}
Event: 9001.374 GC heap before
{Heap before GC invocations=80 (full 8):
 PSYoungGen      total 181760K, used 162877K [0x00000000eab00000, 0x00000000f6b80000, 0x0000000100000000)
  eden space 175616K, 89% used [0x00000000eab00000,0x00000000f444a588,0x00000000f5680000)
  from space 6144K, 96% used [0x00000000f5880000,0x00000000f5e45258,0x00000000f5e80000)
  to   space 10752K, 0% used [0x00000000f6100000,0x00000000f6100000,0x00000000f6b80000)
 ParOldGen       total 699392K, used 32228K [0x00000000c0000000, 0x00000000eab00000, 0x00000000eab00000)
  object space 699392K, 4% used [0x00000000c0000000,0x00000000c1f79238,0x00000000eab00000)
 Metaspace       used 85524K, capacity 86560K, committed 86804K, reserved 1124352K
  class space    used 12064K, capacity 12292K, committed 12348K, reserved 1048576K
Event: 9001.380 GC heap after
Heap after GC invocations=80 (full 8):
 PSYoungGen      total 186368K, used 5012K [0x00000000eab00000, 0x00000000f6b80000, 0x0000000100000000)
  eden space 175616K, 0% used [0x00000000eab00000,0x00000000eab00000,0x00000000f5680000)
  from space 10752K, 46% used [0x00000000f6100000,0x00000000f65e51c8,0x00000000f6b80000)
  to   space 10752K, 0% used [0x00000000f5680000,0x00000000f5680000,0x00000000f6100000)
 ParOldGen       total 699392K, used 32236K [0x00000000c0000000, 0x00000000eab00000, 0x00000000eab00000)
  object space 699392K, 4% used [0x00000000c0000000,0x00000000c1f7b238,0x00000000eab00000)
 Metaspace       used 85524K, capacity 86560K, committed 86804K, reserved 1124352K
  class space    used 12064K, capacity 12292K, committed 12348K, reserved 1048576K
}
Event: 9001.380 GC heap before
{Heap before GC invocations=81 (full 9):
 PSYoungGen      total 186368K, used 5012K [0x00000000eab00000, 0x00000000f6b80000, 0x0000000100000000)
  eden space 175616K, 0% used [0x00000000eab00000,0x00000000eab00000,0x00000000f5680000)
  from space 10752K, 46% used [0x00000000f6100000,0x00000000f65e51c8,0x00000000f6b80000)
  to   space 10752K, 0% used [0x00000000f5680000,0x00000000f5680000,0x00000000f6100000)
 ParOldGen       total 699392K, used 32236K [0x00000000c0000000, 0x00000000eab00000, 0x00000000eab00000)
  object space 699392K, 4% used [0x00000000c0000000,0x00000000c1f7b238,0x00000000eab00000)
 Metaspace       used 85524K, capacity 86560K, committed 86804K, reserved 1124352K
  class space    used 12064K, capacity 12292K, committed 12348K, reserved 1048576K
Event: 9001.498 GC heap after
Heap after GC invocations=81 (full 9):
 PSYoungGen      total 186368K, used 0K [0x00000000eab00000, 0x00000000f6b80000, 0x0000000100000000)
  eden space 175616K, 0% used [0x00000000eab00000,0x00000000eab00000,0x00000000f5680000)
  from space 10752K, 0% used [0x00000000f6100000,0x00000000f6100000,0x00000000f6b80000)
  to   space 10752K, 0% used [0x00000000f5680000,0x00000000f5680000,0x00000000f6100000)
 ParOldGen       total 699392K, used 32441K [0x00000000c0000000, 0x00000000eab00000, 0x00000000eab00000)
  object space 699392K, 4% used [0x00000000c0000000,0x00000000c1fae4d0,0x00000000eab00000)
 Metaspace       used 84652K, capacity 85204K, committed 86804K, reserved 1124352K
  class space    used 11939K, capacity 12066K, committed 12348K, reserved 1048576K
}
Event: 9727.162 GC heap before
{Heap before GC invocations=82 (full 9):
 PSYoungGen      total 186368K, used 160902K [0x00000000eab00000, 0x00000000f6b80000, 0x0000000100000000)
  eden space 175616K, 91% used [0x00000000eab00000,0x00000000f4821aa8,0x00000000f5680000)
  from space 10752K, 0% used [0x00000000f6100000,0x00000000f6100000,0x00000000f6b80000)
  to   space 10752K, 0% used [0x00000000f5680000,0x00000000f5680000,0x00000000f6100000)
 ParOldGen       total 699392K, used 32441K [0x00000000c0000000, 0x00000000eab00000, 0x00000000eab00000)
  object space 699392K, 4% used [0x00000000c0000000,0x00000000c1fae4d0,0x00000000eab00000)
 Metaspace       used 85448K, capacity 86404K, committed 87060K, reserved 1124352K
  class space    used 12052K, capacity 12252K, committed 12348K, reserved 1048576K
Event: 9727.179 GC heap after
Heap after GC invocations=82 (full 9):
 PSYoungGen      total 178688K, used 4937K [0x00000000eab00000, 0x00000000f6880000, 0x0000000100000000)
  eden space 173568K, 0% used [0x00000000eab00000,0x00000000eab00000,0x00000000f5480000)
  from space 5120K, 96% used [0x00000000f5680000,0x00000000f5b52698,0x00000000f5b80000)
  to   space 10240K, 0% used [0x00000000f5e80000,0x00000000f5e80000,0x00000000f6880000)
 ParOldGen       total 699392K, used 340847K [0x00000000c0000000, 0x00000000eab00000, 0x00000000eab00000)
  object space 699392K, 48% used [0x00000000c0000000,0x00000000d4cdbd50,0x00000000eab00000)
 Metaspace       used 85448K, capacity 86404K, committed 87060K, reserved 1124352K
  class space    used 12052K, capacity 12252K, committed 12348K, reserved 1048576K
}

